{
  message: '::ffff:127.0.0.1 : GET /products 500 :ApplicationError Product does not exist ',
  level: 'error',
  timestamp: '2023-01-21T16:05:53.991Z'
}
{
  message: '::ffff:127.0.0.1 : GET /products 500 :ApplicationError Product does not exist ',
  level: 'error',
  timestamp: '2023-01-21T16:05:54.209Z'
}
{
  message: '::1 : POST /sign-up undefined :MongoServerError E11000 duplicate key error collection: Horbax.users index: email_1 dup key: { email: "raymond@gmail.com" } ',
  level: 'error',
  timestamp: '2023-01-21T16:12:03.650Z'
}
{
  message: '::ffff:127.0.0.1 : GET /products 500 :ApplicationError Product does not exist ',
  level: 'error',
  timestamp: '2023-01-22T14:42:11.184Z'
}
{
  message: '::ffff:127.0.0.1 : GET /products 500 :ApplicationError Product does not exist ',
  level: 'error',
  timestamp: '2023-01-22T14:42:11.335Z'
}
{
  message: '::ffff:127.0.0.1 : POST /signin 401 :UnauthorizeRequestError Invalid login credentials ',
  level: 'error',
  timestamp: '2023-01-22T21:04:49.096Z'
}
{
  message: '::ffff:127.0.0.1 : POST /signin 401 :UnauthorizeRequestError Invalid login credentials ',
  level: 'error',
  timestamp: '2023-01-22T22:01:52.199Z'
}
{
  message: '::ffff:127.0.0.1 : POST /signin 401 :UnauthorizeRequestError Invalid login credentials ',
  level: 'error',
  timestamp: '2023-01-22T22:03:38.175Z'
}
{
  message: '::ffff:127.0.0.1 : POST /signin undefined :Error data and hash arguments required ',
  level: 'error',
  timestamp: '2023-01-25T12:05:49.418Z'
}
{
  message: '::ffff:127.0.0.1 : GET /products 400 :BadRequestError Provide Authorization header ',
  level: 'error',
  timestamp: '2023-01-31T14:51:33.878Z'
}
{
  message: '::ffff:127.0.0.1 : GET /products 400 :BadRequestError Provide Authorization header ',
  level: 'error',
  timestamp: '2023-01-31T14:51:33.932Z'
}
{
  message: '::ffff:127.0.0.1 : GET /products 400 :BadRequestError Provide Authorization header ',
  level: 'error',
  timestamp: '2023-01-31T14:51:40.907Z'
}
{
  message: '::ffff:127.0.0.1 : GET /products 400 :BadRequestError Provide Authorization header ',
  level: 'error',
  timestamp: '2023-01-31T14:51:40.920Z'
}
{
  message: '::ffff:127.0.0.1 : POST /orders undefined :ValidationError Order validation failed: user: Path `user` is required. ',
  level: 'error',
  timestamp: '2023-01-31T15:04:23.033Z'
}
{
  message: '::ffff:127.0.0.1 : POST /orders undefined :ValidationError Order validation failed: user: Path `user` is required. ',
  level: 'error',
  timestamp: '2023-01-31T15:07:17.958Z'
}
{
  message: '::ffff:127.0.0.1 : POST /orders undefined :ValidationError Order validation failed: user: Path `user` is required. ',
  level: 'error',
  timestamp: '2023-01-31T15:10:03.792Z'
}
{
  message: '::ffff:127.0.0.1 : GET /orders/63d98d76cd3be5d793c42546 400 :BadRequestError jwt expired ',
  level: 'error',
  timestamp: '2023-02-02T15:52:43.980Z'
}
{
  message: '::ffff:127.0.0.1 : GET /orders/63d98d76cd3be5d793c42546 400 :BadRequestError jwt expired ',
  level: 'error',
  timestamp: '2023-02-02T15:52:44.118Z'
}
{
  message: '::ffff:127.0.0.1 : GET /orders/mine 400 :BadRequestError jwt expired ',
  level: 'error',
  timestamp: '2023-02-04T09:41:57.574Z'
}
{
  message: '::ffff:127.0.0.1 : GET /orders/mine 400 :BadRequestError jwt expired ',
  level: 'error',
  timestamp: '2023-02-04T09:41:57.601Z'
}
{
  message: '::ffff:127.0.0.1 : GET /orders/mine 400 :BadRequestError jwt expired ',
  level: 'error',
  timestamp: '2023-02-04T09:42:09.940Z'
}
{
  message: '::ffff:127.0.0.1 : GET /orders/mine 400 :BadRequestError jwt expired ',
  level: 'error',
  timestamp: '2023-02-04T09:42:09.957Z'
}
{
  message: '::ffff:127.0.0.1 : GET /orders/mine 400 :BadRequestError Something went wrong! ',
  level: 'error',
  timestamp: '2023-02-05T14:48:15.764Z'
}
{
  message: '::ffff:127.0.0.1 : GET /orders/mine 400 :BadRequestError Something went wrong! ',
  level: 'error',
  timestamp: '2023-02-05T14:48:15.949Z'
}
{
  message: `::ffff:127.0.0.1 : PUT /users/profile undefined :CastError Cast to ObjectId failed for value "{ user: '63d11d54f5bbf2aa4f8bc4a4' }" (type Object) at path "_id" for model "User" `,
  level: 'error',
  timestamp: '2023-02-05T16:01:10.747Z'
}
{
  message: "::ffff:127.0.0.1 : PUT /users/profile undefined :TypeError Cannot read properties of undefined (reading '_id') ",
  level: 'error',
  timestamp: '2023-02-05T16:02:45.449Z'
}
{
  message: `::ffff:127.0.0.1 : PUT /users/profile undefined :CastError Cast to ObjectId failed for value "{ user: '63d11d54f5bbf2aa4f8bc4a4' }" (type Object) at path "_id" for model "User" `,
  level: 'error',
  timestamp: '2023-02-05T16:03:43.293Z'
}
{
  message: '::ffff:127.0.0.1 : POST /signin undefined :Error data and hash arguments required ',
  level: 'error',
  timestamp: '2023-02-05T19:49:14.286Z'
}
{
  message: '::ffff:127.0.0.1 : POST /signin undefined :Error data and hash arguments required ',
  level: 'error',
  timestamp: '2023-02-05T19:49:22.692Z'
}
{
  message: '::ffff:127.0.0.1 : POST /signin undefined :Error data and hash arguments required ',
  level: 'error',
  timestamp: '2023-02-05T19:53:44.922Z'
}
{
  message: '::ffff:127.0.0.1 : POST /signin undefined :Error data and hash arguments required ',
  level: 'error',
  timestamp: '2023-02-05T19:55:34.245Z'
}
{
  message: '::ffff:127.0.0.1 : POST /signin undefined :Error data and hash arguments required ',
  level: 'error',
  timestamp: '2023-02-05T19:58:16.736Z'
}
{
  message: '::ffff:127.0.0.1 : POST /signin undefined :Error data and hash arguments required ',
  level: 'error',
  timestamp: '2023-02-05T20:09:15.674Z'
}
{
  message: '::ffff:127.0.0.1 : POST /signin undefined :Error data and hash arguments required ',
  level: 'error',
  timestamp: '2023-02-05T20:09:23.032Z'
}
{
  message: '::ffff:127.0.0.1 : POST /signin 401 :UnauthorizeRequestError Invalid login credentials ',
  level: 'error',
  timestamp: '2023-02-05T20:19:37.103Z'
}
{
  message: '::ffff:127.0.0.1 : POST /signin 401 :UnauthorizeRequestError Invalid login credentials ',
  level: 'error',
  timestamp: '2023-02-05T20:20:14.357Z'
}
{
  message: `::ffff:127.0.0.1 : GET /products/categories undefined :CastError Cast to ObjectId failed for value "{ _id: 'categories' }" (type Object) at path "_id" for model "Product" `,
  level: 'error',
  timestamp: '2023-02-06T15:16:42.076Z'
}
{
  message: `::ffff:127.0.0.1 : GET /products/categories undefined :CastError Cast to ObjectId failed for value "{ _id: 'categories' }" (type Object) at path "_id" for model "Product" `,
  level: 'error',
  timestamp: '2023-02-06T15:16:42.112Z'
}
{
  message: `::ffff:127.0.0.1 : GET /products/categories undefined :CastError Cast to ObjectId failed for value "{ _id: 'categories' }" (type Object) at path "_id" for model "Product" `,
  level: 'error',
  timestamp: '2023-02-06T15:19:43.337Z'
}
{
  message: `::ffff:127.0.0.1 : GET /products/categories undefined :CastError Cast to ObjectId failed for value "{ _id: 'categories' }" (type Object) at path "_id" for model "Product" `,
  level: 'error',
  timestamp: '2023-02-06T15:19:43.364Z'
}
{
  message: `::ffff:127.0.0.1 : GET /products/categories undefined :CastError Cast to ObjectId failed for value "{ _id: 'categories' }" (type Object) at path "_id" for model "Product" `,
  level: 'error',
  timestamp: '2023-02-06T15:26:32.240Z'
}
{
  message: `::ffff:127.0.0.1 : GET /products/categories undefined :CastError Cast to ObjectId failed for value "{ _id: 'categories' }" (type Object) at path "_id" for model "Product" `,
  level: 'error',
  timestamp: '2023-02-06T15:27:04.307Z'
}
{
  message: `::ffff:127.0.0.1 : GET /products/categories undefined :CastError Cast to ObjectId failed for value "{ _id: 'categories' }" (type Object) at path "_id" for model "Product" `,
  level: 'error',
  timestamp: '2023-02-06T15:27:07.261Z'
}
{
  message: `::ffff:127.0.0.1 : GET /products/categories undefined :CastError Cast to ObjectId failed for value "{ _id: 'categories' }" (type Object) at path "_id" for model "Product" `,
  level: 'error',
  timestamp: '2023-02-06T15:27:10.253Z'
}
{
  message: `::ffff:127.0.0.1 : GET /products/categories undefined :CastError Cast to ObjectId failed for value "{ _id: 'categories' }" (type Object) at path "_id" for model "Product" `,
  level: 'error',
  timestamp: '2023-02-06T15:27:13.218Z'
}
{
  message: `::ffff:127.0.0.1 : GET /products/categories undefined :CastError Cast to ObjectId failed for value "{ _id: 'categories' }" (type Object) at path "_id" for model "Product" `,
  level: 'error',
  timestamp: '2023-02-06T15:27:31.059Z'
}
{
  message: `::ffff:127.0.0.1 : GET /products/categories undefined :CastError Cast to ObjectId failed for value "{ _id: 'categories' }" (type Object) at path "_id" for model "Product" `,
  level: 'error',
  timestamp: '2023-02-06T15:27:31.072Z'
}
{
  message: `::ffff:127.0.0.1 : GET /products/categories undefined :CastError Cast to ObjectId failed for value "{ _id: 'categories' }" (type Object) at path "_id" for model "Product" `,
  level: 'error',
  timestamp: '2023-02-06T15:27:57.210Z'
}
{
  message: `::ffff:127.0.0.1 : GET /products/categories undefined :CastError Cast to ObjectId failed for value "{ _id: 'categories' }" (type Object) at path "_id" for model "Product" `,
  level: 'error',
  timestamp: '2023-02-06T15:28:02.076Z'
}
{
  message: `::ffff:127.0.0.1 : GET /products/categories undefined :CastError Cast to ObjectId failed for value "{ _id: 'categories' }" (type Object) at path "_id" for model "Product" `,
  level: 'error',
  timestamp: '2023-02-06T15:28:54.787Z'
}
{
  message: `::ffff:127.0.0.1 : GET /products/categories undefined :CastError Cast to ObjectId failed for value "{ _id: 'categories' }" (type Object) at path "_id" for model "Product" `,
  level: 'error',
  timestamp: '2023-02-06T15:28:54.824Z'
}
{
  message: `::ffff:127.0.0.1 : GET /products/categories undefined :CastError Cast to ObjectId failed for value "{ _id: 'categories' }" (type Object) at path "_id" for model "Product" `,
  level: 'error',
  timestamp: '2023-02-06T15:32:25.134Z'
}
{
  message: `::ffff:127.0.0.1 : GET /products/categories undefined :CastError Cast to ObjectId failed for value "{ _id: 'categories' }" (type Object) at path "_id" for model "Product" `,
  level: 'error',
  timestamp: '2023-02-06T15:32:25.167Z'
}
{
  message: `::ffff:127.0.0.1 : GET /products/categories undefined :CastError Cast to ObjectId failed for value "{ _id: 'categories' }" (type Object) at path "_id" for model "Product" `,
  level: 'error',
  timestamp: '2023-02-06T15:38:55.271Z'
}
{
  message: `::ffff:127.0.0.1 : GET /products/categories undefined :CastError Cast to ObjectId failed for value "{ _id: 'categories' }" (type Object) at path "_id" for model "Product" `,
  level: 'error',
  timestamp: '2023-02-06T15:38:55.339Z'
}
